{"name": "test_AddToCartAndCheckout005", "status": "broken", "statusDetails": {"message": "selenium.common.exceptions.NoSuchElementException: Message: no such element: Unable to locate element: {\"method\":\"xpath\",\"selector\":\"//h3[normalize-space()='Apple Macbook Pro']\"}\n  (Session info: chrome=141.0.7390.123); For documentation on this error, please visit: https://www.selenium.dev/documentation/webdriver/troubleshooting/errors#no-such-element-exception\nStacktrace:\n\tGetHandleVerifier [0x0x7ff600fee8e5+80021]\n\tGetHandleVerifier [0x0x7ff600fee940+80112]\n\t(No symbol) [0x0x7ff600d7060f]\n\t(No symbol) [0x0x7ff600dc8854]\n\t(No symbol) [0x0x7ff600dc8b1c]\n\t(No symbol) [0x0x7ff600e1c927]\n\t(No symbol) [0x0x7ff600df126f]\n\t(No symbol) [0x0x7ff600e1968a]\n\t(No symbol) [0x0x7ff600df1003]\n\t(No symbol) [0x0x7ff600db95d1]\n\t(No symbol) [0x0x7ff600dba3f3]\n\tGetHandleVerifier [0x0x7ff6012adc7d+2960429]\n\tGetHandleVerifier [0x0x7ff6012a7f3a+2936554]\n\tGetHandleVerifier [0x0x7ff6012c8977+3070247]\n\tGetHandleVerifier [0x0x7ff6010083ce+185214]\n\tGetHandleVerifier [0x0x7ff60100fe1f+216527]\n\tGetHandleVerifier [0x0x7ff600ff7b24+117460]\n\tGetHandleVerifier [0x0x7ff600ff7cdf+117903]\n\tGetHandleVerifier [0x0x7ff600fddbb8+11112]\n\tBaseThreadInitThunk [0x0x7ffb25dc257d+29]\n\tRtlUserThreadStart [0x0x7ffb272eaf08+40]", "trace": "self = <testCases.test_ADDtoCart&checkout.Test_AddToCartAndCheckout object at 0x000002D3B47E8D70>\nsetup = <selenium.webdriver.chrome.webdriver.WebDriver (session=\"942788a9d4e01743714470877692eb12\")>\n\n    @pytest.mark.group2\n    def test_AddToCartAndCheckout005(self,setup):\n        self.log.info(\"test_AddToCartAndCheckout005 is start\")\n        self.log.info(\"opening the browser\")\n        self.browser=setup\n        self.lp=Test_CredKartLogin(self.browser)\n        self.log.info(\"click on login link text\")\n        self.lp.Click_login()\n        self.log.info(\"enter email address\")\n        print(\"email is-->\"+self.email)\n        self.lp.Enter_email(self.email)\n        self.log.info(\"enter password\")\n        print(\"password is-->\" + self.password)\n        self.lp.Enter_password(self.password)\n        self.log.info(\"click on login button\")\n        self.lp.Click_loginB()\n        self.pc=Test_ADDtoCartAndCheckout(self.browser)\n        self.log.info(\"select the mack laptop as a product\")\n>       self.pc.ProductMack()\n\ntestCases\\test_ADDtoCart&checkout.py:33: \n_ _ _ _ _ _ _ _ _ _ _ _ _ _ _ _ _ _ _ _ _ _ _ _ _ _ _ _ _ _ _ _ _ _ _ _ _ _ _ _\npageObjects\\CredKartADDtoCartNcheckout.py:30: in ProductMack\n    self.driver.find_element(*Test_ADDtoCartAndCheckout.Click_ProductMack_Xpath).click()\n    ^^^^^^^^^^^^^^^^^^^^^^^^^^^^^^^^^^^^^^^^^^^^^^^^^^^^^^^^^^^^^^^^^^^^^^^^^^^^\nC:\\Users\\hp\\AppData\\Local\\Programs\\Python\\Python312\\Lib\\site-packages\\selenium\\webdriver\\remote\\webdriver.py:748: in find_element\n    return self.execute(Command.FIND_ELEMENT, {\"using\": by, \"value\": value})[\"value\"]\n           ^^^^^^^^^^^^^^^^^^^^^^^^^^^^^^^^^^^^^^^^^^^^^^^^^^^^^^^^^^^^^^^^^\nC:\\Users\\hp\\AppData\\Local\\Programs\\Python\\Python312\\Lib\\site-packages\\selenium\\webdriver\\remote\\webdriver.py:354: in execute\n    self.error_handler.check_response(response)\n_ _ _ _ _ _ _ _ _ _ _ _ _ _ _ _ _ _ _ _ _ _ _ _ _ _ _ _ _ _ _ _ _ _ _ _ _ _ _ _\n\nself = <selenium.webdriver.remote.errorhandler.ErrorHandler object at 0x000002D3B4486F90>\nresponse = {'status': 404, 'value': '{\"value\":{\"error\":\"no such element\",\"message\":\"no such element: Unable to locate element: {\\...ff600fddbb8+11112]\\\\n\\\\tBaseThreadInitThunk [0x0x7ffb25dc257d+29]\\\\n\\\\tRtlUserThreadStart [0x0x7ffb272eaf08+40]\\\\n\"}}'}\n\n    def check_response(self, response: Dict[str, Any]) -> None:\n        \"\"\"Checks that a JSON response from the WebDriver does not have an\n        error.\n    \n        :Args:\n         - response - The JSON response from the WebDriver server as a dictionary\n           object.\n    \n        :Raises: If the response contains an error message.\n        \"\"\"\n        status = response.get(\"status\", None)\n        if not status or status == ErrorCode.SUCCESS:\n            return\n        value = None\n        message = response.get(\"message\", \"\")\n        screen: str = response.get(\"screen\", \"\")\n        stacktrace = None\n        if isinstance(status, int):\n            value_json = response.get(\"value\", None)\n            if value_json and isinstance(value_json, str):\n                import json\n    \n                try:\n                    value = json.loads(value_json)\n                    if len(value) == 1:\n                        value = value[\"value\"]\n                    status = value.get(\"error\", None)\n                    if not status:\n                        status = value.get(\"status\", ErrorCode.UNKNOWN_ERROR)\n                        message = value.get(\"value\") or value.get(\"message\")\n                        if not isinstance(message, str):\n                            value = message\n                            message = message.get(\"message\")\n                    else:\n                        message = value.get(\"message\", None)\n                except ValueError:\n                    pass\n    \n        exception_class: Type[WebDriverException]\n        e = ErrorCode()\n        error_codes = [item for item in dir(e) if not item.startswith(\"__\")]\n        for error_code in error_codes:\n            error_info = getattr(ErrorCode, error_code)\n            if isinstance(error_info, list) and status in error_info:\n                exception_class = getattr(ExceptionMapping, error_code, WebDriverException)\n                break\n        else:\n            exception_class = WebDriverException\n    \n        if not value:\n            value = response[\"value\"]\n        if isinstance(value, str):\n            raise exception_class(value)\n        if message == \"\" and \"message\" in value:\n            message = value[\"message\"]\n    \n        screen = None  # type: ignore[assignment]\n        if \"screen\" in value:\n            screen = value[\"screen\"]\n    \n        stacktrace = None\n        st_value = value.get(\"stackTrace\") or value.get(\"stacktrace\")\n        if st_value:\n            if isinstance(st_value, str):\n                stacktrace = st_value.split(\"\\n\")\n            else:\n                stacktrace = []\n                try:\n                    for frame in st_value:\n                        line = frame.get(\"lineNumber\", \"\")\n                        file = frame.get(\"fileName\", \"<anonymous>\")\n                        if line:\n                            file = f\"{file}:{line}\"\n                        meth = frame.get(\"methodName\", \"<anonymous>\")\n                        if \"className\" in frame:\n                            meth = f\"{frame['className']}.{meth}\"\n                        msg = \"    at %s (%s)\"\n                        msg = msg % (meth, file)\n                        stacktrace.append(msg)\n                except TypeError:\n                    pass\n        if exception_class == UnexpectedAlertPresentException:\n            alert_text = None\n            if \"data\" in value:\n                alert_text = value[\"data\"].get(\"text\")\n            elif \"alert\" in value:\n                alert_text = value[\"alert\"].get(\"text\")\n            raise exception_class(message, screen, stacktrace, alert_text)  # type: ignore[call-arg]  # mypy is not smart enough here\n>       raise exception_class(message, screen, stacktrace)\nE       selenium.common.exceptions.NoSuchElementException: Message: no such element: Unable to locate element: {\"method\":\"xpath\",\"selector\":\"//h3[normalize-space()='Apple Macbook Pro']\"}\nE         (Session info: chrome=141.0.7390.123); For documentation on this error, please visit: https://www.selenium.dev/documentation/webdriver/troubleshooting/errors#no-such-element-exception\nE       Stacktrace:\nE       \tGetHandleVerifier [0x0x7ff600fee8e5+80021]\nE       \tGetHandleVerifier [0x0x7ff600fee940+80112]\nE       \t(No symbol) [0x0x7ff600d7060f]\nE       \t(No symbol) [0x0x7ff600dc8854]\nE       \t(No symbol) [0x0x7ff600dc8b1c]\nE       \t(No symbol) [0x0x7ff600e1c927]\nE       \t(No symbol) [0x0x7ff600df126f]\nE       \t(No symbol) [0x0x7ff600e1968a]\nE       \t(No symbol) [0x0x7ff600df1003]\nE       \t(No symbol) [0x0x7ff600db95d1]\nE       \t(No symbol) [0x0x7ff600dba3f3]\nE       \tGetHandleVerifier [0x0x7ff6012adc7d+2960429]\nE       \tGetHandleVerifier [0x0x7ff6012a7f3a+2936554]\nE       \tGetHandleVerifier [0x0x7ff6012c8977+3070247]\nE       \tGetHandleVerifier [0x0x7ff6010083ce+185214]\nE       \tGetHandleVerifier [0x0x7ff60100fe1f+216527]\nE       \tGetHandleVerifier [0x0x7ff600ff7b24+117460]\nE       \tGetHandleVerifier [0x0x7ff600ff7cdf+117903]\nE       \tGetHandleVerifier [0x0x7ff600fddbb8+11112]\nE       \tBaseThreadInitThunk [0x0x7ffb25dc257d+29]\nE       \tRtlUserThreadStart [0x0x7ffb272eaf08+40]\n\nC:\\Users\\hp\\AppData\\Local\\Programs\\Python\\Python312\\Lib\\site-packages\\selenium\\webdriver\\remote\\errorhandler.py:229: NoSuchElementException"}, "attachments": [{"name": "log", "source": "22ceff34-f41c-43e1-b4e8-974b0d6871f8-attachment.txt", "type": "text/plain"}], "start": 1762246145568, "stop": 1762246147248, "uuid": "d357d97a-e214-43fb-8256-8939b66477a5", "historyId": "f1cb62a3e466eeaf7617863583b8f0df", "testCaseId": "f1cb62a3e466eeaf7617863583b8f0df", "fullName": "testCases.test_ADDtoCart&checkout.Test_AddToCartAndCheckout#test_AddToCartAndCheckout005", "labels": [{"name": "tag", "value": "group2"}, {"name": "parentSuite", "value": "testCases"}, {"name": "suite", "value": "test_ADDtoCart&checkout"}, {"name": "subSuite", "value": "Test_AddToCartAndCheckout"}, {"name": "host", "value": "DESKTOP-LPMABD9"}, {"name": "thread", "value": "16892-MainThread"}, {"name": "framework", "value": "pytest"}, {"name": "language", "value": "cpython3"}, {"name": "package", "value": "testCases.test_ADDtoCart&checkout"}]}