{"name": "test_AddToCartAndCheckout005", "status": "broken", "statusDetails": {"message": "selenium.common.exceptions.NoSuchElementException: Message: no such element: Unable to locate element: {\"method\":\"xpath\",\"selector\":\"//tbody/tr[1]/td[3]/select[1]\"}\n  (Session info: MicrosoftEdge=141.0.3537.99); For documentation on this error, please visit: https://www.selenium.dev/documentation/webdriver/troubleshooting/errors#no-such-element-exception\nStacktrace:\n\tGetHandleVerifier [0x0x7ff7b3512605+51877]\n\tGetHandleVerifier [0x0x7ff7b3512664+51972]\n\tGetHandleVerifier [0x0x7ff7b36c8bf5+1847445]\n\t(No symbol) [0x0x7ff7b32d045b]\n\t(No symbol) [0x0x7ff7b32d071b]\n\t(No symbol) [0x0x7ff7b3311927]\n\t(No symbol) [0x0x7ff7b32f216f]\n\t(No symbol) [0x0x7ff7b32c667b]\n\t(No symbol) [0x0x7ff7b330f3d2]\n\t(No symbol) [0x0x7ff7b32f1df3]\n\t(No symbol) [0x0x7ff7b32c5b36]\n\t(No symbol) [0x0x7ff7b32c4d80]\n\t(No symbol) [0x0x7ff7b32c5973]\n\t(No symbol) [0x0x7ff7b338e4a5]\n\t(No symbol) [0x0x7ff7b338a75d]\n\tGetHandleVerifier [0x0x7ff7b353ce43+226019]\n\tGetHandleVerifier [0x0x7ff7b352c011+156849]\n\tGetHandleVerifier [0x0x7ff7b3534509+190889]\n\tGetHandleVerifier [0x0x7ff7b3519744+80868]\n\tGetHandleVerifier [0x0x7ff7b3519893+81203]\n\tGetHandleVerifier [0x0x7ff7b3507e16+8886]\n\tBaseThreadInitThunk [0x0x7ff95c5b257d+29]\n\tRtlUserThreadStart [0x0x7ff95cecaf08+40]", "trace": "self = <testCases.test_ADDtoCart&checkout.Test_AddToCartAndCheckout object at 0x000002839EA0B2C0>\nsetup = <selenium.webdriver.edge.webdriver.WebDriver (session=\"d13cd4459c63c66c96d4902c9d96015d\")>\n\n    @pytest.mark.group2\n    def test_AddToCartAndCheckout005(self,setup):\n        self.log.info(\"test_AddToCartAndCheckout005 is start\")\n        self.log.info(\"opening the browser\")\n        self.browser=setup\n        self.lp=Test_CredKartLogin(self.browser)\n        self.log.info(\"click on login link text\")\n        self.lp.Click_login()\n        self.log.info(\"enter email address\")\n        print(\"email is-->\"+self.email)\n        self.lp.Enter_email(self.email)\n        self.log.info(\"enter password\")\n        print(\"password is-->\" + self.password)\n        self.lp.Enter_password(self.password)\n        self.log.info(\"click on login button\")\n        self.lp.Click_loginB()\n        self.pc=Test_ADDtoCartAndCheckout(self.browser)\n        self.log.info(\"select the mack laptop as a product\")\n        self.pc.ProductMack()\n        self.log.info(\"click on add to cart button\")\n        self.pc.AddToCart()\n        self.log.info(\"click on continue shopping button\")\n        self.pc.ContinueShop()\n        self.log.info(\"select the guitar as a product\")\n        self.pc.ProductGuitar()\n        self.log.info(\"click on add to cart button\")\n        self.pc.AddToCart()\n        self.log.info(\"select the mack laptop product quantity\")\n>       self.pc.SelectQuantity()\n\ntestCases\\test_ADDtoCart&checkout.py:43: \n_ _ _ _ _ _ _ _ _ _ _ _ _ _ _ _ _ _ _ _ _ _ _ _ _ _ _ _ _ _ _ _ _ _ _ _ _ _ _ _\npageObjects\\CredKartADDtoCartNcheckout.py:45: in SelectQuantity\n    self.driver.find_element(*Test_ADDtoCartAndCheckout.ClickDrop_SelectQuantity_Xpath).send_keys(2)\n    ^^^^^^^^^^^^^^^^^^^^^^^^^^^^^^^^^^^^^^^^^^^^^^^^^^^^^^^^^^^^^^^^^^^^^^^^^^^^^^^^^^^\nC:\\Users\\hp\\AppData\\Local\\Programs\\Python\\Python312\\Lib\\site-packages\\selenium\\webdriver\\remote\\webdriver.py:748: in find_element\n    return self.execute(Command.FIND_ELEMENT, {\"using\": by, \"value\": value})[\"value\"]\n           ^^^^^^^^^^^^^^^^^^^^^^^^^^^^^^^^^^^^^^^^^^^^^^^^^^^^^^^^^^^^^^^^^\nC:\\Users\\hp\\AppData\\Local\\Programs\\Python\\Python312\\Lib\\site-packages\\selenium\\webdriver\\remote\\webdriver.py:354: in execute\n    self.error_handler.check_response(response)\n_ _ _ _ _ _ _ _ _ _ _ _ _ _ _ _ _ _ _ _ _ _ _ _ _ _ _ _ _ _ _ _ _ _ _ _ _ _ _ _\n\nself = <selenium.webdriver.remote.errorhandler.ErrorHandler object at 0x000002839E6F0440>\nresponse = {'status': 404, 'value': '{\"value\":{\"error\":\"no such element\",\"message\":\"no such element: Unable to locate element: {\\...7ff7b3507e16+8886]\\\\n\\\\tBaseThreadInitThunk [0x0x7ff95c5b257d+29]\\\\n\\\\tRtlUserThreadStart [0x0x7ff95cecaf08+40]\\\\n\"}}'}\n\n    def check_response(self, response: Dict[str, Any]) -> None:\n        \"\"\"Checks that a JSON response from the WebDriver does not have an\n        error.\n    \n        :Args:\n         - response - The JSON response from the WebDriver server as a dictionary\n           object.\n    \n        :Raises: If the response contains an error message.\n        \"\"\"\n        status = response.get(\"status\", None)\n        if not status or status == ErrorCode.SUCCESS:\n            return\n        value = None\n        message = response.get(\"message\", \"\")\n        screen: str = response.get(\"screen\", \"\")\n        stacktrace = None\n        if isinstance(status, int):\n            value_json = response.get(\"value\", None)\n            if value_json and isinstance(value_json, str):\n                import json\n    \n                try:\n                    value = json.loads(value_json)\n                    if len(value) == 1:\n                        value = value[\"value\"]\n                    status = value.get(\"error\", None)\n                    if not status:\n                        status = value.get(\"status\", ErrorCode.UNKNOWN_ERROR)\n                        message = value.get(\"value\") or value.get(\"message\")\n                        if not isinstance(message, str):\n                            value = message\n                            message = message.get(\"message\")\n                    else:\n                        message = value.get(\"message\", None)\n                except ValueError:\n                    pass\n    \n        exception_class: Type[WebDriverException]\n        e = ErrorCode()\n        error_codes = [item for item in dir(e) if not item.startswith(\"__\")]\n        for error_code in error_codes:\n            error_info = getattr(ErrorCode, error_code)\n            if isinstance(error_info, list) and status in error_info:\n                exception_class = getattr(ExceptionMapping, error_code, WebDriverException)\n                break\n        else:\n            exception_class = WebDriverException\n    \n        if not value:\n            value = response[\"value\"]\n        if isinstance(value, str):\n            raise exception_class(value)\n        if message == \"\" and \"message\" in value:\n            message = value[\"message\"]\n    \n        screen = None  # type: ignore[assignment]\n        if \"screen\" in value:\n            screen = value[\"screen\"]\n    \n        stacktrace = None\n        st_value = value.get(\"stackTrace\") or value.get(\"stacktrace\")\n        if st_value:\n            if isinstance(st_value, str):\n                stacktrace = st_value.split(\"\\n\")\n            else:\n                stacktrace = []\n                try:\n                    for frame in st_value:\n                        line = frame.get(\"lineNumber\", \"\")\n                        file = frame.get(\"fileName\", \"<anonymous>\")\n                        if line:\n                            file = f\"{file}:{line}\"\n                        meth = frame.get(\"methodName\", \"<anonymous>\")\n                        if \"className\" in frame:\n                            meth = f\"{frame['className']}.{meth}\"\n                        msg = \"    at %s (%s)\"\n                        msg = msg % (meth, file)\n                        stacktrace.append(msg)\n                except TypeError:\n                    pass\n        if exception_class == UnexpectedAlertPresentException:\n            alert_text = None\n            if \"data\" in value:\n                alert_text = value[\"data\"].get(\"text\")\n            elif \"alert\" in value:\n                alert_text = value[\"alert\"].get(\"text\")\n            raise exception_class(message, screen, stacktrace, alert_text)  # type: ignore[call-arg]  # mypy is not smart enough here\n>       raise exception_class(message, screen, stacktrace)\nE       selenium.common.exceptions.NoSuchElementException: Message: no such element: Unable to locate element: {\"method\":\"xpath\",\"selector\":\"//tbody/tr[1]/td[3]/select[1]\"}\nE         (Session info: MicrosoftEdge=141.0.3537.99); For documentation on this error, please visit: https://www.selenium.dev/documentation/webdriver/troubleshooting/errors#no-such-element-exception\nE       Stacktrace:\nE       \tGetHandleVerifier [0x0x7ff7b3512605+51877]\nE       \tGetHandleVerifier [0x0x7ff7b3512664+51972]\nE       \tGetHandleVerifier [0x0x7ff7b36c8bf5+1847445]\nE       \t(No symbol) [0x0x7ff7b32d045b]\nE       \t(No symbol) [0x0x7ff7b32d071b]\nE       \t(No symbol) [0x0x7ff7b3311927]\nE       \t(No symbol) [0x0x7ff7b32f216f]\nE       \t(No symbol) [0x0x7ff7b32c667b]\nE       \t(No symbol) [0x0x7ff7b330f3d2]\nE       \t(No symbol) [0x0x7ff7b32f1df3]\nE       \t(No symbol) [0x0x7ff7b32c5b36]\nE       \t(No symbol) [0x0x7ff7b32c4d80]\nE       \t(No symbol) [0x0x7ff7b32c5973]\nE       \t(No symbol) [0x0x7ff7b338e4a5]\nE       \t(No symbol) [0x0x7ff7b338a75d]\nE       \tGetHandleVerifier [0x0x7ff7b353ce43+226019]\nE       \tGetHandleVerifier [0x0x7ff7b352c011+156849]\nE       \tGetHandleVerifier [0x0x7ff7b3534509+190889]\nE       \tGetHandleVerifier [0x0x7ff7b3519744+80868]\nE       \tGetHandleVerifier [0x0x7ff7b3519893+81203]\nE       \tGetHandleVerifier [0x0x7ff7b3507e16+8886]\nE       \tBaseThreadInitThunk [0x0x7ff95c5b257d+29]\nE       \tRtlUserThreadStart [0x0x7ff95cecaf08+40]\n\nC:\\Users\\hp\\AppData\\Local\\Programs\\Python\\Python312\\Lib\\site-packages\\selenium\\webdriver\\remote\\errorhandler.py:229: NoSuchElementException"}, "attachments": [{"name": "log", "source": "9f895a85-98c0-4625-b09f-8b41c6465b2c-attachment.txt", "type": "text/plain"}], "start": 1761582472932, "stop": 1761582481684, "uuid": "cea1bd59-8304-4c1d-95f9-2626c7d25eae", "historyId": "f1cb62a3e466eeaf7617863583b8f0df", "testCaseId": "f1cb62a3e466eeaf7617863583b8f0df", "fullName": "testCases.test_ADDtoCart&checkout.Test_AddToCartAndCheckout#test_AddToCartAndCheckout005", "labels": [{"name": "tag", "value": "group2"}, {"name": "parentSuite", "value": "testCases"}, {"name": "suite", "value": "test_ADDtoCart&checkout"}, {"name": "subSuite", "value": "Test_AddToCartAndCheckout"}, {"name": "host", "value": "DESKTOP-LPMABD9"}, {"name": "thread", "value": "3696-MainThread"}, {"name": "framework", "value": "pytest"}, {"name": "language", "value": "cpython3"}, {"name": "package", "value": "testCases.test_ADDtoCart&checkout"}]}