{"name": "test_CredKart_Login_DDT_004", "status": "broken", "statusDetails": {"message": "selenium.common.exceptions.NoSuchElementException: Message: no such element: Unable to locate element: {\"method\":\"xpath\",\"selector\":\"//a[normalize-space()='Login']\"}\n  (Session info: chrome=141.0.7390.123); For documentation on this error, please visit: https://www.selenium.dev/documentation/webdriver/troubleshooting/errors#nosuchelementexception\nStacktrace:\n\tGetHandleVerifier [0x0x7ff78ac7e8e5+80021]\n\tGetHandleVerifier [0x0x7ff78ac7e940+80112]\n\t(No symbol) [0x0x7ff78aa0060f]\n\t(No symbol) [0x0x7ff78aa58854]\n\t(No symbol) [0x0x7ff78aa58b1c]\n\t(No symbol) [0x0x7ff78aaac927]\n\t(No symbol) [0x0x7ff78aa8126f]\n\t(No symbol) [0x0x7ff78aaa968a]\n\t(No symbol) [0x0x7ff78aa81003]\n\t(No symbol) [0x0x7ff78aa495d1]\n\t(No symbol) [0x0x7ff78aa4a3f3]\n\tGetHandleVerifier [0x0x7ff78af3dc7d+2960429]\n\tGetHandleVerifier [0x0x7ff78af37f3a+2936554]\n\tGetHandleVerifier [0x0x7ff78af58977+3070247]\n\tGetHandleVerifier [0x0x7ff78ac983ce+185214]\n\tGetHandleVerifier [0x0x7ff78ac9fe1f+216527]\n\tGetHandleVerifier [0x0x7ff78ac87b24+117460]\n\tGetHandleVerifier [0x0x7ff78ac87cdf+117903]\n\tGetHandleVerifier [0x0x7ff78ac6dbb8+11112]\n\tBaseThreadInitThunk [0x0x7fff6073257d+29]\n\tRtlUserThreadStart [0x0x7fff6172af08+40]", "trace": "self = <testCases.CredKart LoginWithDDT_test.Test_CredLogin_DDT object at 0x000001F559967140>\nsetup = <selenium.webdriver.chrome.webdriver.WebDriver (session=\"8af56477b89144a554e2eb381f50c0eb\")>\n\n    def test_CredKart_Login_DDT_004(self,setup):\n        self.log.info(\"test_CredKart_Login_DDT_004 is start\")\n        self.log.info(\"opening the browser\")\n        self.browser=setup\n        list_status=[]\n        self.lp=Test_CredKartLogin(self.browser)\n        self.row=Excel_utils.GetRowCount(self.file_path,\"login_data\")\n        self.log.info(\"row count is-->\" + str(self.row))\n        print(\"rowcount in our excel file--->\"+str(self.row))\n        for r in range(2,self.row+1):\n            self.log.info(\"for loop is start with\"+str(r)+\"nd row credential\")\n            self.email=Excel_utils.read_data(self.file_path,\"login_data\",r,2)\n            self.password=Excel_utils.read_data(self.file_path,\"login_data\",r,3)\n            self.Expected_result=Excel_utils.read_data(self.file_path,\"login_data\",r,4)\n            # print(\"email is---->\"+self.email)\n            # print(\"password is---->\" +self.password)\n            # print(\"Expected_result is---->\"+self.Expected_result\n>           self.lp.Click_login()\n\ntestCases\\CredKart LoginWithDDT_test.py:31: \n_ _ _ _ _ _ _ _ _ _ _ _ _ _ _ _ _ _ _ _ _ _ _ _ _ _ _ _ _ _ _ _ _ _ _ _ _ _ _ _\npageObjects\\OrageLogin.py:17: in Click_login\n    self.browser.find_element(*Test_CredKartLogin.Click_login_Xpath).click()\n    ^^^^^^^^^^^^^^^^^^^^^^^^^^^^^^^^^^^^^^^^^^^^^^^^^^^^^^^^^^^^^^^^\n.venv\\Lib\\site-packages\\selenium\\webdriver\\remote\\webdriver.py:926: in find_element\n    return self.execute(Command.FIND_ELEMENT, {\"using\": by, \"value\": value})[\"value\"]\n           ^^^^^^^^^^^^^^^^^^^^^^^^^^^^^^^^^^^^^^^^^^^^^^^^^^^^^^^^^^^^^^^^^\n.venv\\Lib\\site-packages\\selenium\\webdriver\\remote\\webdriver.py:458: in execute\n    self.error_handler.check_response(response)\n_ _ _ _ _ _ _ _ _ _ _ _ _ _ _ _ _ _ _ _ _ _ _ _ _ _ _ _ _ _ _ _ _ _ _ _ _ _ _ _\n\nself = <selenium.webdriver.remote.errorhandler.ErrorHandler object at 0x000001F55ABD2DE0>\nresponse = {'status': 404, 'value': '{\"value\":{\"error\":\"no such element\",\"message\":\"no such element: Unable to locate element: {\\...ff78ac6dbb8+11112]\\\\n\\\\tBaseThreadInitThunk [0x0x7fff6073257d+29]\\\\n\\\\tRtlUserThreadStart [0x0x7fff6172af08+40]\\\\n\"}}'}\n\n    def check_response(self, response: dict[str, Any]) -> None:\n        \"\"\"Checks that a JSON response from the WebDriver does not have an\n        error.\n    \n        Args:\n            response: The JSON response from the WebDriver server as a dictionary\n                object.\n    \n        Raises:\n            WebDriverException: If the response contains an error message.\n        \"\"\"\n        status = response.get(\"status\", None)\n        if not status or status == ErrorCode.SUCCESS:\n            return\n        value = None\n        message = response.get(\"message\", \"\")\n        screen: str = response.get(\"screen\", \"\")\n        stacktrace = None\n        if isinstance(status, int):\n            value_json = response.get(\"value\", None)\n            if value_json and isinstance(value_json, str):\n                try:\n                    value = json.loads(value_json)\n                    if isinstance(value, dict):\n                        if len(value) == 1:\n                            value = value[\"value\"]\n                        status = value.get(\"error\", None)\n                        if not status:\n                            status = value.get(\"status\", ErrorCode.UNKNOWN_ERROR)\n                            message = value.get(\"value\") or value.get(\"message\")\n                            if not isinstance(message, str):\n                                value = message\n                                message = message.get(\"message\") if isinstance(message, dict) else None\n                        else:\n                            message = value.get(\"message\", None)\n                except ValueError:\n                    pass\n    \n        exception_class: type[WebDriverException]\n        e = ErrorCode()\n        error_codes = [item for item in dir(e) if not item.startswith(\"__\")]\n        for error_code in error_codes:\n            error_info = getattr(ErrorCode, error_code)\n            if isinstance(error_info, list) and status in error_info:\n                exception_class = getattr(ExceptionMapping, error_code, WebDriverException)\n                break\n        else:\n            exception_class = WebDriverException\n    \n        if not value:\n            value = response[\"value\"]\n        if isinstance(value, str):\n            raise exception_class(value)\n        if message == \"\" and \"message\" in value:\n            message = value[\"message\"]\n    \n        screen = None  # type: ignore[assignment]\n        if \"screen\" in value:\n            screen = value[\"screen\"]\n    \n        stacktrace = None\n        st_value = value.get(\"stackTrace\") or value.get(\"stacktrace\")\n        if st_value:\n            if isinstance(st_value, str):\n                stacktrace = st_value.split(\"\\n\")\n            else:\n                stacktrace = []\n                try:\n                    for frame in st_value:\n                        line = frame.get(\"lineNumber\", \"\")\n                        file = frame.get(\"fileName\", \"<anonymous>\")\n                        if line:\n                            file = f\"{file}:{line}\"\n                        meth = frame.get(\"methodName\", \"<anonymous>\")\n                        if \"className\" in frame:\n                            meth = f\"{frame['className']}.{meth}\"\n                        msg = \"    at %s (%s)\"\n                        msg = msg % (meth, file)\n                        stacktrace.append(msg)\n                except TypeError:\n                    pass\n        if exception_class == UnexpectedAlertPresentException:\n            alert_text = None\n            if \"data\" in value:\n                alert_text = value[\"data\"].get(\"text\")\n            elif \"alert\" in value:\n                alert_text = value[\"alert\"].get(\"text\")\n            raise exception_class(message, screen, stacktrace, alert_text)  # type: ignore[call-arg]  # mypy is not smart enough here\n>       raise exception_class(message, screen, stacktrace)\nE       selenium.common.exceptions.NoSuchElementException: Message: no such element: Unable to locate element: {\"method\":\"xpath\",\"selector\":\"//a[normalize-space()='Login']\"}\nE         (Session info: chrome=141.0.7390.123); For documentation on this error, please visit: https://www.selenium.dev/documentation/webdriver/troubleshooting/errors#nosuchelementexception\nE       Stacktrace:\nE       \tGetHandleVerifier [0x0x7ff78ac7e8e5+80021]\nE       \tGetHandleVerifier [0x0x7ff78ac7e940+80112]\nE       \t(No symbol) [0x0x7ff78aa0060f]\nE       \t(No symbol) [0x0x7ff78aa58854]\nE       \t(No symbol) [0x0x7ff78aa58b1c]\nE       \t(No symbol) [0x0x7ff78aaac927]\nE       \t(No symbol) [0x0x7ff78aa8126f]\nE       \t(No symbol) [0x0x7ff78aaa968a]\nE       \t(No symbol) [0x0x7ff78aa81003]\nE       \t(No symbol) [0x0x7ff78aa495d1]\nE       \t(No symbol) [0x0x7ff78aa4a3f3]\nE       \tGetHandleVerifier [0x0x7ff78af3dc7d+2960429]\nE       \tGetHandleVerifier [0x0x7ff78af37f3a+2936554]\nE       \tGetHandleVerifier [0x0x7ff78af58977+3070247]\nE       \tGetHandleVerifier [0x0x7ff78ac983ce+185214]\nE       \tGetHandleVerifier [0x0x7ff78ac9fe1f+216527]\nE       \tGetHandleVerifier [0x0x7ff78ac87b24+117460]\nE       \tGetHandleVerifier [0x0x7ff78ac87cdf+117903]\nE       \tGetHandleVerifier [0x0x7ff78ac6dbb8+11112]\nE       \tBaseThreadInitThunk [0x0x7fff6073257d+29]\nE       \tRtlUserThreadStart [0x0x7fff6172af08+40]\n\n.venv\\Lib\\site-packages\\selenium\\webdriver\\remote\\errorhandler.py:233: NoSuchElementException"}, "attachments": [{"name": "log", "source": "9c51b3fa-95a7-4d83-b68a-f14539d6ae60-attachment.txt", "type": "text/plain"}, {"name": "stdout", "source": "fdf0fa13-a242-417b-b60c-0219bcfd7b18-attachment.txt", "type": "text/plain"}], "start": 1761540847637, "stop": 1761540853601, "uuid": "c5723c6d-95e9-45b5-a25e-563aa0df4f39", "historyId": "d7e841b8806d9cc6535c28bc48eb99d0", "testCaseId": "d7e841b8806d9cc6535c28bc48eb99d0", "fullName": "testCases.CredKart LoginWithDDT_test.Test_CredLogin_DDT#test_CredKart_Login_DDT_004", "labels": [{"name": "parentSuite", "value": "testCases"}, {"name": "suite", "value": "CredKart LoginWithDDT_test"}, {"name": "subSuite", "value": "Test_CredLogin_DDT"}, {"name": "host", "value": "DESKTOP-LPMABD9"}, {"name": "thread", "value": "9876-MainThread"}, {"name": "framework", "value": "pytest"}, {"name": "language", "value": "cpython3"}, {"name": "package", "value": "testCases.CredKart LoginWithDDT_test"}], "titlePath": ["testCases", "CredKart LoginWithDDT_test.py", "Test_CredLogin_DDT"]}