{"name": "test_CredKart_Login_params_003[GetDataForLogin2]", "status": "failed", "statusDetails": {"message": "AssertionError: assert False", "trace": "self = <testCases.CredKart LoginWithParams_test.Test_CredLogin_params object at 0x000002D150806900>\nsetup = <selenium.webdriver.chrome.webdriver.WebDriver (session=\"0a9134ab7c9630bb090dc29af2d0d093\")>\nGetDataForLogin = ('rakeshlikhare@gmail.com', 'xcM8c6xQvya@VYg1', 'Login_pass')\n\n    def test_CredKart_Login_params_003(self,setup,GetDataForLogin):\n        self.log.info(\"test_CredKart_Login_params_003 is start\")\n        self.log.info(\"opening the browser\")\n        self.browser=setup\n        self.lp=Test_CredKartLogin(self.browser)\n        self.lp.Click_login()\n        self.log.info(\"email is--->\"+GetDataForLogin[0])\n        self.log.info(\"password is--->\"+GetDataForLogin[1])\n        self.log.info(\"entering the email\")\n        self.lp.Enter_email(GetDataForLogin[0])\n        self.log.info(\"entering the password\")\n        self.lp.Enter_password(GetDataForLogin[1])\n        self.log.info(\"click on login button\")\n        self.lp.Click_loginB()\n        try:\n            self.log.info(\"validate login status\")\n            if self.lp.validate_login() == \"loginPass\" and GetDataForLogin[2] == \"Login_pass\":\n                self.log.info(\"taking screenshot\")\n                self.browser.save_screenshot(\".\\\\Screenshots\\\\test_CredKart_Login_params_003_pass.png\")\n                self.log.info(\"click on dropdown menu\")\n                self.lp.Menu_Button()\n                self.log.info(\"click on logout button\")\n                self.lp.Click_logout()\n                print(\"menu button is present login pass✅\")\n                self.log.info(\"test_CredKart_Login_params_003 is pass\")\n                assert True\n            elif self.lp.validate_login() == \"loginPass\" and GetDataForLogin[2] == \"Login_Fail\":\n                self.log.info(\"taking screenshot\")\n                self.browser.save_screenshot(\".\\\\Screenshots\\\\test_CredKart_Login_params_003_fail.png\")\n                self.log.info(\"click on dropdown menu\")\n                self.lp.Menu_Button()\n                self.log.info(\"click on logout button\")\n                self.lp.Click_logout()\n                print(\"menu button is present login pass✅\")\n                self.log.info(\"test_CredKart_Login_params_003 is pass\")\n                assert False\n            elif self.lp.validate_login() == \"loginFail\" and GetDataForLogin[2] == \"Login_pass\":\n                self.log.info(\"taking screenshot\")\n                self.browser.save_screenshot(\".\\\\Screenshots\\\\test_CredKart_Login_params_003_fail.png\")\n                self.log.info(\"test_CredKart_Login_params_003 is fail\")\n>               assert False\nE               assert False\n\ntestCases\\CredKart LoginWithParams_test.py:50: AssertionError"}, "attachments": [{"name": "log", "source": "b3511a62-9009-4417-bf8e-a80730a4a54c-attachment.txt", "type": "text/plain"}, {"name": "stdout", "source": "145b38c2-f946-4606-ab99-3312cc350ff6-attachment.txt", "type": "text/plain"}], "parameters": [{"name": "GetDataForLogin", "value": "('rakeshlikhare@gmail.com', 'xcM8c6xQvya@VYg1', 'Login_pass')"}], "start": 1761478386054, "stop": 1761478391165, "uuid": "9f40c795-1aa4-4de2-bc45-61c68c2c5f67", "historyId": "2697ba1c30a9eb57e193a4b451bef309", "testCaseId": "4c4f5b9d9b7a8d3dbef0aca812dd9ea4", "fullName": "testCases.CredKart LoginWithParams_test.Test_CredLogin_params#test_CredKart_Login_params_003", "labels": [{"name": "parentSuite", "value": "testCases"}, {"name": "suite", "value": "CredKart LoginWithParams_test"}, {"name": "subSuite", "value": "Test_CredLogin_params"}, {"name": "host", "value": "DESKTOP-LPMABD9"}, {"name": "thread", "value": "14752-MainThread"}, {"name": "framework", "value": "pytest"}, {"name": "language", "value": "cpython3"}, {"name": "package", "value": "testCases.CredKart LoginWithParams_test"}], "titlePath": ["testCases", "CredKart LoginWithParams_test.py", "Test_CredLogin_params"]}